[2025-01-26 10:01:58] [INFO] Application started.
[2025-01-26 10:37:31] [INFO] Transitioning from 0 to 1
[2025-01-26 10:37:31] [INFO] Transitioning from 1 to 2
[2025-01-26 10:37:31] [INFO] Transitioning from 2 to 3
[2025-01-26 11:07:35] [INFO] Transitioning from 1 to 3
[2025-01-26 11:08:44] [INFO] Transitioning from 1 to 3
[2025-01-26 11:17:30] [INFO] No matching keyword found, no transition made.
[2025-01-26 11:17:49] [INFO] No matching keyword found, no transition made.
[2025-01-26 11:20:33] [INFO] No matching keyword found, no transition made.
[2025-01-26 11:20:43] [INFO] Keyword detected: help. Transitioning to 3
[2025-01-26 11:21:11] [INFO] Keyword detected: help. Transitioning to 3
[2025-01-26 11:21:19] [INFO] Keyword detected: help. Transitioning to 3
[2025-01-26 11:21:50] [INFO] Keyword detected: help. Transitioning to 3
[2025-01-26 11:21:54] [INFO] Transitioning from 0 to 3
[2025-01-26 11:27:16] [INFO] No matching keyword found, no transition made.
[2025-01-26 11:27:18] [INFO] Keyword detected: hi. Transitioning to 1
[2025-01-26 11:27:24] [INFO] Transitioning from 0 to 1
[2025-01-26 11:27:27] [INFO] No matching keyword found, no transition made.
[2025-01-26 11:27:32] [INFO] Keyword detected: bye. Transitioning to 11
[2025-01-26 11:28:02] [INFO] Keyword detected: assist. Transitioning to 3
[2025-01-26 11:28:07] [INFO] No matching keyword found, no transition made.
[2025-01-26 11:28:10] [INFO] No matching keyword found, no transition made.
[2025-01-26 11:28:15] [INFO] Keyword detected: bye. Transitioning to 11
[2025-01-26 11:28:17] [INFO] Keyword detected: bye. Transitioning to 11
[2025-01-26 11:29:14] [INFO] Keyword detected: hi. Transitioning to 1
[2025-01-26 11:29:14] [INFO] Transitioning from 0 to 1
[2025-01-26 11:29:22] [INFO] Keyword detected: bye. Transitioning to 11
[2025-01-26 11:29:34] [INFO] Keyword detected: exit. Transitioning to 11
[2025-01-26 11:30:08] [INFO] Keyword detected: hi. Transitioning to 1
[2025-01-26 11:30:08] [INFO] Transitioning from 0 to 1
[2025-01-26 11:30:10] [INFO] Keyword detected: bye. Transitioning to 11
[2025-01-26 11:30:10] [INFO] Transitioning from 1 to 11
[2025-01-26 11:30:12] [INFO] No matching keyword found, no transition made.
[2025-01-26 11:30:13] [INFO] No matching keyword found, no transition made.
[2025-01-26 11:39:03] [INFO] Keyword detected: hi. Transitioning to 1
[2025-01-26 11:39:03] [INFO] Transitioning from 0 to 1
[2025-01-26 11:39:12] [INFO] Keyword detected: assist. Transitioning to 3
[2025-01-26 11:39:12] [INFO] Transitioning from 1 to 3
[2025-01-26 11:39:15] [INFO] No matching keyword found, no transition made.
[2025-01-26 11:39:22] [INFO] No matching keyword found, no transition made.
[2025-01-26 11:40:00] [INFO] No matching keyword found, no transition made.
[2025-01-26 11:40:16] [INFO] No matching keyword found, no transition made.
[2025-01-26 11:40:17] [INFO] No matching keyword found, no transition made.
[2025-01-26 11:40:25] [INFO] Keyword detected: escalate. Transitioning to 6
[2025-01-26 11:40:25] [INFO] Transitioning from 3 to 6
