[2025-01-27 10:49:56] [INFO] Processing input: I have an issue with my gard beetle
[2025-01-27 10:49:56] [INFO] Checking keywords for transition to state: 1
[2025-01-27 10:49:56] [INFO] Transitioning to state: 1
[2025-01-27 10:50:00] [INFO] Processing input: 
[2025-01-27 10:50:00] [INFO] Checking keywords for transition to state: 2
[2025-01-27 10:50:32] [INFO] Processing input: I have a problem with my garden beetle
[2025-01-27 10:50:32] [INFO] Checking keywords for transition to state: 1
[2025-01-27 10:50:32] [INFO] Transitioning to state: 1
[2025-01-27 10:50:51] [INFO] Processing input: Help
[2025-01-27 10:50:51] [INFO] Checking keywords for transition to state: 2
[2025-01-27 10:50:51] [INFO] Checking keywords for transition to state: 3
[2025-01-27 10:50:51] [INFO] Checking keywords for transition to state: 4
[2025-01-27 10:50:51] [INFO] No valid transition found. Staying in current state: 1
[2025-01-27 10:51:52] [INFO] Processing input: Ok, so please escalate this to a human, I do not want to deal with a bot
[2025-01-27 10:51:52] [INFO] Checking keywords for transition to state: 2
[2025-01-27 10:51:52] [INFO] Checking keywords for transition to state: 3
[2025-01-27 10:51:52] [INFO] Transitioning to state: 3
[2025-01-27 10:56:15] [INFO] Processing input: I have an issue with my garden beetle.
[2025-01-27 10:56:15] [INFO] Checking keywords for transition to state: 1
[2025-01-27 10:56:15] [INFO] Transitioning to state: 1
[2025-01-27 10:56:53] [INFO] Processing input: I have an issue with my garden beetle
[2025-01-27 10:56:53] [INFO] Checking keywords for transition to state: 1
[2025-01-27 10:56:53] [INFO] Transitioning to state: 1
